{"level":"info","message":" Chauffeur numero : 61e4ac003ef77d9bb5c34482 a ete supprimer par son  responsable ","timestamp":"2022-01-20T22:47:16.931Z"}
{"level":"info","message":"started on port ', 5000","timestamp":"2022-01-20T22:48:07.203Z"}
{"level":"info","message":"started on port ', 5000","timestamp":"2022-01-20T22:48:23.027Z"}
{"level":"info","message":"started on port ', 5000","timestamp":"2022-01-28T10:58:04.742Z"}
{"level":"info","message":"started on port ', 5000","timestamp":"2022-01-28T11:00:25.094Z"}
{"level":"info","message":"started on port ', 5000","timestamp":"2022-01-28T11:00:41.582Z"}
{"level":"info","message":"started on port ', 5000","timestamp":"2022-01-28T13:58:26.295Z"}
{"level":"info","message":"started on port ', 5000","timestamp":"2022-01-28T14:09:27.996Z"}
{"level":"info","message":"started on port ', 5000","timestamp":"2022-01-28T14:10:06.243Z"}
{"level":"info","message":"started on port ', 5000","timestamp":"2022-01-28T14:10:12.555Z"}
{"level":"info","message":"started on port ', 5000","timestamp":"2022-01-28T15:17:28.507Z"}
{"level":"info","message":"started on port ', 5000","timestamp":"2022-01-28T15:18:26.834Z"}
{"level":"info","message":"started on port ', 5000","timestamp":"2022-01-29T15:11:38.169Z"}
{"level":"info","message":"started on port ', 5000","timestamp":"2022-01-29T15:16:19.035Z"}
{"level":"info","message":"started on port ', 5000","timestamp":"2022-01-29T15:20:10.898Z"}
{"level":"info","message":"started on port ', 5000","timestamp":"2022-01-29T15:21:56.070Z"}
{"level":"info","message":"started on port ', 5000","timestamp":"2022-01-29T15:24:40.642Z"}
{"level":"info","message":"started on port ', 5000","timestamp":"2022-01-29T15:30:35.030Z"}
{"level":"info","message":"started on port ', 5000","timestamp":"2022-01-29T15:35:58.284Z"}
{"level":"info","message":"started on port ', 5000","timestamp":"2022-01-29T15:44:37.229Z"}
{"level":"info","message":"started on port ', 5000","timestamp":"2022-01-29T16:19:14.209Z"}
{"level":"info","message":"started on port ', 5000","timestamp":"2022-01-29T16:20:12.688Z"}
{"level":"info","message":"started on port ', 5000","timestamp":"2022-01-29T16:25:17.572Z"}
{"level":"info","message":"started on port ', 5000","timestamp":"2022-01-29T16:26:40.881Z"}
{"level":"info","message":"started on port ', 5000","timestamp":"2022-01-29T23:33:31.692Z"}
{"level":"info","message":"started on port ', 5000","timestamp":"2022-01-29T23:34:08.858Z"}
{"level":"info","message":"started on port ', 5000","timestamp":"2022-01-29T23:37:18.187Z"}
{"level":"info","message":"started on port ', 5000","timestamp":"2022-01-29T23:38:11.373Z"}
{"level":"info","message":"started on port ', 5000","timestamp":"2022-01-29T23:39:53.555Z"}
{"level":"info","message":"started on port ', 5000","timestamp":"2022-01-30T00:30:45.258Z"}
{"level":"info","message":"started on port ', 5000","timestamp":"2022-01-30T00:31:36.079Z"}
{"level":"info","message":"started on port ', 5000","timestamp":"2022-01-30T14:45:38.100Z"}
{"level":"info","message":"started on port ', 5000","timestamp":"2022-01-30T15:13:28.906Z"}
{"level":"info","message":"started on port ', 5000","timestamp":"2022-01-30T15:29:38.853Z"}
{"level":"info","message":"started on port ', 5000","timestamp":"2022-01-30T15:29:53.907Z"}
{"level":"info","message":"started on port ', 5000","timestamp":"2022-01-30T15:30:06.766Z"}
{"level":"info","message":"started on port ', 5000","timestamp":"2022-01-30T15:30:49.222Z"}
{"level":"info","message":"started on port ', 5000","timestamp":"2022-01-30T15:32:05.112Z"}
{"level":"info","message":"started on port ', 5000","timestamp":"2022-01-30T15:34:19.103Z"}
{"level":"info","message":"started on port ', 5000","timestamp":"2022-01-30T15:34:44.830Z"}
{"level":"info","message":"started on port ', 5000","timestamp":"2022-01-30T15:35:04.497Z"}
{"level":"info","message":"started on port ', 5000","timestamp":"2022-01-30T15:35:17.410Z"}
{"level":"info","message":"started on port ', 5000","timestamp":"2022-01-30T15:36:02.044Z"}
{"level":"info","message":"started on port ', 5000","timestamp":"2022-01-30T15:36:23.643Z"}
{"level":"info","message":"started on port ', 5000","timestamp":"2022-01-30T16:27:45.212Z"}
{"level":"info","message":"started on port ', 5000","timestamp":"2022-01-30T16:34:20.146Z"}
{"level":"info","message":"started on port ', 5000","timestamp":"2022-01-30T16:34:52.345Z"}
{"level":"info","message":"started on port ', 5000","timestamp":"2022-01-30T16:35:36.889Z"}
{"level":"info","message":"started on port ', 5000","timestamp":"2022-01-30T16:35:55.693Z"}
{"level":"info","message":"started on port ', 5000","timestamp":"2022-01-30T16:37:30.149Z"}
{"level":"info","message":"started on port ', 5000","timestamp":"2022-01-30T16:38:24.180Z"}
{"level":"info","message":"started on port ', 5000","timestamp":"2022-01-30T16:41:33.162Z"}
{"level":"info","message":"started on port ', 5000","timestamp":"2022-01-30T16:42:27.500Z"}
{"level":"info","message":"started on port ', 5000","timestamp":"2022-01-30T16:42:49.790Z"}
{"level":"info","message":"started on port ', 5000","timestamp":"2022-01-30T16:49:20.963Z"}
{"level":"info","message":"started on port ', 5000","timestamp":"2022-01-30T16:49:58.340Z"}
{"level":"info","message":"started on port ', 5000","timestamp":"2022-01-30T16:52:20.564Z"}
{"level":"info","message":"started on port ', 5000","timestamp":"2022-01-30T16:52:52.281Z"}
{"level":"info","message":"started on port ', 5000","timestamp":"2022-01-30T16:53:42.078Z"}
{"level":"info","message":"started on port ', 5000","timestamp":"2022-01-30T16:59:02.195Z"}
{"level":"info","message":"started on port ', 5000","timestamp":"2022-01-30T16:59:17.700Z"}
{"level":"info","message":"started on port ', 5000","timestamp":"2022-01-30T17:00:07.746Z"}
{"level":"info","message":"started on port ', 5000","timestamp":"2022-01-30T17:00:36.933Z"}
{"level":"info","message":"started on port ', 5000","timestamp":"2022-01-30T17:01:16.396Z"}
{"level":"info","message":"started on port ', 5000","timestamp":"2022-01-30T17:01:31.178Z"}
{"level":"info","message":"started on port ', 5000","timestamp":"2022-01-30T17:01:34.310Z"}
{"level":"info","message":"started on port ', 5000","timestamp":"2022-01-30T17:02:11.092Z"}
{"level":"info","message":"started on port ', 5000","timestamp":"2022-01-30T17:02:38.689Z"}
{"level":"info","message":"started on port ', 5000","timestamp":"2022-01-30T17:02:50.982Z"}
{"level":"info","message":"started on port ', 5000","timestamp":"2022-01-30T17:03:16.685Z"}
{"level":"info","message":"started on port ', 5000","timestamp":"2022-01-30T17:03:59.972Z"}
{"level":"info","message":"started on port ', 5000","timestamp":"2022-01-30T17:04:18.375Z"}
{"level":"info","message":"started on port ', 5000","timestamp":"2022-01-30T21:29:06.469Z"}
{"level":"info","message":"started on port ', 5000","timestamp":"2022-01-30T21:30:17.813Z"}
{"level":"info","message":"started on port ', 5000","timestamp":"2022-01-30T21:30:37.708Z"}
{"level":"info","message":"started on port ', 5000","timestamp":"2022-01-30T21:30:53.718Z"}
{"level":"info","message":"started on port ', 5000","timestamp":"2022-01-30T21:32:18.194Z"}
{"level":"info","message":"started on port ', 5000","timestamp":"2022-01-30T21:33:08.936Z"}
{"level":"info","message":"started on port ', 5000","timestamp":"2022-01-30T21:33:35.367Z"}
{"level":"info","message":"started on port ', 5000","timestamp":"2022-01-30T21:34:42.975Z"}
{"level":"info","message":"started on port ', 5000","timestamp":"2022-01-30T21:34:56.706Z"}
{"level":"info","message":"started on port ', 5000","timestamp":"2022-01-30T21:35:06.817Z"}
{"level":"info","message":"started on port ', 5000","timestamp":"2022-01-30T21:37:52.383Z"}
{"level":"info","message":"started on port ', 5000","timestamp":"2022-01-30T21:38:20.148Z"}
{"level":"info","message":"started on port ', 5000","timestamp":"2022-01-30T21:38:24.328Z"}
{"level":"info","message":"started on port ', 5000","timestamp":"2022-01-30T21:38:46.055Z"}
{"level":"info","message":"started on port ', 5000","timestamp":"2022-01-30T21:39:05.444Z"}
{"level":"info","message":"started on port ', 5000","timestamp":"2022-01-30T21:45:30.480Z"}
{"level":"info","message":"started on port ', 5000","timestamp":"2022-01-30T21:46:29.766Z"}
{"level":"info","message":"started on port ', 5000","timestamp":"2022-01-30T21:47:36.888Z"}
{"level":"info","message":"started on port ', 5000","timestamp":"2022-01-30T21:47:55.827Z"}
{"level":"info","message":"started on port ', 5000","timestamp":"2022-01-30T21:48:52.521Z"}
{"level":"info","message":"started on port ', 5000","timestamp":"2022-01-30T21:50:28.547Z"}
{"level":"info","message":"started on port ', 5000","timestamp":"2022-01-30T21:50:43.897Z"}
{"level":"info","message":"started on port ', 5000","timestamp":"2022-01-30T21:51:10.344Z"}
{"level":"info","message":"started on port ', 5000","timestamp":"2022-01-30T21:51:41.133Z"}
{"level":"info","message":"started on port ', 5000","timestamp":"2022-01-30T21:54:27.477Z"}
{"level":"info","message":"started on port ', 5000","timestamp":"2022-01-30T21:55:18.006Z"}
{"level":"info","message":"started on port ', 5000","timestamp":"2022-01-30T21:56:01.801Z"}
{"level":"info","message":"started on port ', 5000","timestamp":"2022-01-31T08:17:45.787Z"}
{"level":"info","message":"started on port ', 5000","timestamp":"2022-01-31T08:23:06.578Z"}
{"level":"info","message":"started on port ', 5000","timestamp":"2022-01-31T09:47:53.915Z"}
{"level":"info","message":"started on port ', 5000","timestamp":"2022-01-31T09:48:16.361Z"}
{"level":"info","message":"started on port ', 5000","timestamp":"2022-01-31T09:59:43.315Z"}
{"level":"info","message":"started on port ', 5000","timestamp":"2022-01-31T10:00:33.995Z"}
{"level":"info","message":"started on port ', 5000","timestamp":"2022-01-31T10:02:22.445Z"}
{"level":"info","message":"started on port ', 5000","timestamp":"2022-01-31T10:03:57.683Z"}
{"level":"info","message":"started on port ', 5000","timestamp":"2022-01-31T10:04:37.205Z"}
{"level":"info","message":"started on port ', 5000","timestamp":"2022-01-31T10:04:55.392Z"}
{"level":"info","message":"started on port ', 5000","timestamp":"2022-01-31T10:05:38.282Z"}
{"level":"info","message":"started on port ', 5000","timestamp":"2022-01-31T10:05:47.259Z"}
{"level":"info","message":"started on port ', 5000","timestamp":"2022-01-31T10:06:15.905Z"}
{"level":"info","message":"started on port ', 5000","timestamp":"2022-01-31T10:06:31.358Z"}
{"level":"info","message":"started on port ', 5000","timestamp":"2022-01-31T10:39:53.208Z"}
{"level":"info","message":"started on port ', 5000","timestamp":"2022-01-31T10:40:14.062Z"}
{"level":"info","message":"started on port ', 5000","timestamp":"2022-01-31T13:34:02.453Z"}
{"level":"info","message":"started on port ', 5000","timestamp":"2022-01-31T14:48:15.031Z"}
{"level":"info","message":"started on port ', 5000","timestamp":"2022-01-31T14:52:18.068Z"}
{"level":"info","message":"started on port ', 5000","timestamp":"2022-01-31T14:58:20.507Z"}
{"level":"info","message":"started on port ', 5000","timestamp":"2022-01-31T15:55:49.408Z"}
{"level":"info","message":"started on port ', 5000","timestamp":"2022-01-31T15:56:59.183Z"}
{"level":"info","message":"started on port ', 5000","timestamp":"2022-01-31T15:57:15.062Z"}
{"level":"info","message":"started on port ', 5000","timestamp":"2022-01-31T15:57:35.143Z"}
{"level":"info","message":"started on port ', 5000","timestamp":"2022-02-01T10:40:00.581Z"}
{"level":"info","message":"started on port ', 5000","timestamp":"2022-02-01T10:40:34.179Z"}
{"level":"info","message":"started on port ', 5000","timestamp":"2022-02-01T10:44:57.997Z"}
{"level":"info","message":"started on port ', 5000","timestamp":"2022-02-01T10:45:46.124Z"}
{"level":"info","message":"started on port ', 5000","timestamp":"2022-02-01T10:45:56.692Z"}
{"level":"info","message":"started on port ', 5000","timestamp":"2022-02-01T10:50:00.913Z"}
{"level":"info","message":"started on port ', 5000","timestamp":"2022-02-01T10:53:12.735Z"}
{"level":"info","message":"started on port ', 5000","timestamp":"2022-02-01T10:55:12.391Z"}
{"level":"info","message":"started on port ', 5000","timestamp":"2022-02-01T10:55:26.653Z"}
{"level":"info","message":"started on port ', 5000","timestamp":"2022-02-01T10:58:28.435Z"}
{"level":"info","message":"started on port ', 5000","timestamp":"2022-02-01T11:00:58.191Z"}
{"level":"info","message":"started on port ', 5000","timestamp":"2022-02-01T11:01:36.507Z"}
{"level":"info","message":"started on port ', 5000","timestamp":"2022-02-01T13:08:40.244Z"}
{"level":"info","message":"started on port ', 5000","timestamp":"2022-02-01T13:09:20.642Z"}
{"level":"info","message":"started on port ', 5000","timestamp":"2022-02-01T13:10:11.219Z"}
{"level":"info","message":"started on port ', 5000","timestamp":"2022-02-01T13:10:15.762Z"}
{"level":"info","message":"started on port ', 5000","timestamp":"2022-02-01T13:11:03.197Z"}
{"level":"info","message":"started on port ', 5000","timestamp":"2022-02-01T13:12:12.768Z"}
{"level":"info","message":"started on port ', 5000","timestamp":"2022-02-01T13:13:40.982Z"}
{"level":"info","message":"started on port ', 5000","timestamp":"2022-02-01T13:13:57.149Z"}
{"level":"info","message":"started on port ', 5000","timestamp":"2022-02-01T13:16:27.114Z"}
{"level":"info","message":"started on port ', 5000","timestamp":"2022-02-01T13:16:44.860Z"}
{"level":"info","message":"started on port ', 5000","timestamp":"2022-02-01T13:17:39.260Z"}
{"level":"info","message":"started on port ', 5000","timestamp":"2022-02-01T13:19:03.734Z"}
{"level":"info","message":"started on port ', 5000","timestamp":"2022-02-01T13:25:08.236Z"}
{"level":"info","message":"started on port ', 5000","timestamp":"2022-02-01T13:26:33.407Z"}
{"level":"info","message":"started on port ', 5000","timestamp":"2022-02-01T13:27:10.745Z"}
{"level":"info","message":"started on port ', 5000","timestamp":"2022-02-01T13:27:40.108Z"}
{"level":"info","message":"started on port ', 5000","timestamp":"2022-02-01T13:28:59.228Z"}
{"level":"info","message":"started on port ', 5000","timestamp":"2022-02-01T13:29:35.819Z"}
{"level":"info","message":"started on port ', 5000","timestamp":"2022-02-01T13:33:21.699Z"}
{"level":"info","message":"started on port ', 5000","timestamp":"2022-02-01T13:34:54.627Z"}
{"level":"info","message":"started on port ', 5000","timestamp":"2022-02-01T14:18:30.415Z"}
{"level":"info","message":" Chauffeur numero : 61f938ab72c11bd207d374fb a ete supprimer par son  responsable ","timestamp":"2022-02-01T14:19:26.032Z"}
{"level":"info","message":" Chauffeur numero : 61f938ab72c11bd207d374fb a ete supprimer par son  responsable ","timestamp":"2022-02-01T14:19:39.528Z"}
{"level":"info","message":" Chauffeur numero : 61f938ab72c11bd207d374f9 a ete supprimer par son  responsable ","timestamp":"2022-02-01T14:20:28.832Z"}
{"level":"info","message":"started on port ', 5000","timestamp":"2022-02-02T15:38:36.840Z"}
{"level":"info","message":"started on port ', 5000","timestamp":"2022-02-02T15:39:19.507Z"}
{"level":"info","message":"started on port ', 5000","timestamp":"2022-02-02T15:39:40.475Z"}
{"level":"info","message":"started on port ', 5000","timestamp":"2022-02-02T15:39:56.137Z"}
{"level":"info","message":"started on port ', 5000","timestamp":"2022-02-02T15:40:40.308Z"}
{"level":"info","message":"started on port ', 5000","timestamp":"2022-02-02T20:34:29.638Z"}
{"level":"info","message":"started on port ', 5000","timestamp":"2022-02-02T20:35:30.845Z"}
{"level":"info","message":"started on port ', 5000","timestamp":"2022-02-02T20:39:32.134Z"}
{"level":"info","message":"started on port ', 5000","timestamp":"2022-02-02T20:40:05.086Z"}
{"level":"info","message":"started on port ', 5000","timestamp":"2022-02-02T20:41:21.807Z"}
{"level":"info","message":"started on port ', 5000","timestamp":"2022-02-02T20:55:28.916Z"}
{"level":"info","message":"started on port ', 5000","timestamp":"2022-02-02T20:56:37.394Z"}
{"level":"info","message":"started on port ', 5000","timestamp":"2022-02-03T09:49:53.684Z"}
{"level":"info","message":"started on port ', 5000","timestamp":"2022-02-03T09:50:12.402Z"}
{"level":"info","message":"started on port ', 5000","timestamp":"2022-02-03T09:52:32.096Z"}
{"level":"info","message":"started on port ', 5000","timestamp":"2022-02-03T09:53:39.400Z"}
{"level":"info","message":"started on port ', 5000","timestamp":"2022-02-03T09:59:11.132Z"}
{"level":"info","message":"started on port ', 5000","timestamp":"2022-02-03T10:00:38.688Z"}
{"level":"info","message":"started on port ', 5000","timestamp":"2022-02-03T10:01:38.380Z"}
{"level":"info","message":"started on port ', 5000","timestamp":"2022-02-03T10:08:09.216Z"}
{"level":"info","message":"started on port ', 5000","timestamp":"2022-02-03T10:09:25.371Z"}
{"level":"info","message":"started on port ', 5000","timestamp":"2022-02-03T15:17:49.926Z"}
{"level":"info","message":"started on port ', 5000","timestamp":"2022-02-03T15:18:14.859Z"}
{"level":"info","message":"started on port ', 5000","timestamp":"2022-02-03T15:20:21.603Z"}
{"level":"info","message":"started on port ', 5000","timestamp":"2022-02-04T09:11:59.860Z"}
{"level":"info","message":"started on port ', 5000","timestamp":"2022-02-04T14:12:35.211Z"}
{"level":"info","message":"started on port ', 5000","timestamp":"2022-02-04T14:14:11.919Z"}
{"level":"info","message":"started on port ', 5000","timestamp":"2022-02-04T14:14:19.968Z"}
{"level":"info","message":"started on port ', 5000","timestamp":"2022-02-04T14:15:29.608Z"}
{"level":"info","message":"started on port ', 5000","timestamp":"2022-02-04T14:15:36.108Z"}
{"level":"info","message":"started on port ', 5000","timestamp":"2022-02-04T14:16:56.260Z"}
{"level":"info","message":" Manager: 61fd3568e1b2511970b970b4 a ete supprimer par son super admin ","timestamp":"2022-02-04T14:17:15.760Z"}
{"level":"info","message":" Manager: 61fd358fe1b2511970b970bb a ete supprimer par son super admin ","timestamp":"2022-02-04T14:17:54.420Z"}
{"level":"info","message":"started on port ', 5000","timestamp":"2022-02-05T11:33:51.249Z"}
{"level":"info","message":"started on port ', 5000","timestamp":"2022-02-05T11:40:41.365Z"}
{"level":"info","message":"started on port ', 5000","timestamp":"2022-02-05T11:41:08.081Z"}
{"level":"info","message":"started on port ', 5000","timestamp":"2022-02-05T11:43:05.563Z"}
{"level":"info","message":"started on port ', 5000","timestamp":"2022-02-05T11:44:07.296Z"}
{"level":"info","message":"started on port ', 5000","timestamp":"2022-02-05T12:07:41.344Z"}
{"level":"info","message":" Manager: 61e309979264771fdf36105e a ete supprimer par son super admin ","timestamp":"2022-02-05T12:09:43.898Z"}
{"level":"info","message":" Manager: 61fe69d40f456d4b60de1175 a ete supprimer par son super admin ","timestamp":"2022-02-05T12:13:12.311Z"}
{"level":"info","message":" Manager: 61fe69ff0f456d4b60de117b a ete supprimer par son super admin ","timestamp":"2022-02-05T12:13:54.837Z"}
{"level":"info","message":" Manager: 61fe6a090f456d4b60de1181 a ete supprimer par son super admin ","timestamp":"2022-02-05T12:14:23.520Z"}
{"level":"info","message":" Manager: 61fe6ba70f456d4b60de118a a ete supprimer par son super admin ","timestamp":"2022-02-05T12:20:58.929Z"}
{"level":"info","message":" Manager: 61fe6bcd0f456d4b60de1190 a ete supprimer par son super admin ","timestamp":"2022-02-05T12:21:37.101Z"}
{"level":"info","message":" Manager: 61fe6bcd0f456d4b60de1190 a ete supprimer par son super admin ","timestamp":"2022-02-05T12:22:43.286Z"}
{"level":"info","message":" Manager: 61fe6c3b0f456d4b60de1199 a ete supprimer par son super admin ","timestamp":"2022-02-05T12:23:50.850Z"}
{"level":"info","message":" Manager: 61fe6c8b0f456d4b60de119f a ete supprimer par son super admin ","timestamp":"2022-02-05T12:24:48.118Z"}
{"level":"info","message":" Manager: 61fe6ce10f456d4b60de11a6 a ete supprimer par son super admin ","timestamp":"2022-02-05T12:26:12.832Z"}
{"level":"info","message":" Manager: 61fe6d7f0f456d4b60de11ae a ete supprimer par son super admin ","timestamp":"2022-02-05T12:28:50.202Z"}
{"level":"info","message":" Manager: 61fe6e150f456d4b60de11b5 a ete supprimer par son super admin ","timestamp":"2022-02-05T12:31:20.320Z"}
{"level":"info","message":" Manager: 61fe6eee0f456d4b60de11bd a ete supprimer par son super admin ","timestamp":"2022-02-05T12:35:02.802Z"}
{"level":"info","message":" Manager: 61fe6f970f456d4b60de11c3 a ete supprimer par son super admin ","timestamp":"2022-02-05T12:37:46.740Z"}
{"level":"info","message":" Manager: 61fe6fd30f456d4b60de11c9 a ete supprimer par son super admin ","timestamp":"2022-02-05T12:38:46.064Z"}
{"level":"info","message":" Manager: 61fe70800f456d4b60de11d0 a ete supprimer par son super admin ","timestamp":"2022-02-05T12:41:39.411Z"}
{"level":"info","message":" Manager: 61f40d9b66a8c8fc4293c4cb a ete supprimer par son super admin ","timestamp":"2022-02-05T13:50:24.044Z"}
{"level":"info","message":" Manager: 61fe616fbd461c8d70dd739b a ete supprimer par son super admin ","timestamp":"2022-02-05T13:50:27.159Z"}
{"level":"info","message":" Manager: 61fe80710f456d4b60de11d6 a ete supprimer par son super admin ","timestamp":"2022-02-05T13:50:27.943Z"}
{"level":"info","message":" Manager: 61fe80dd0f456d4b60de11e9 a ete supprimer par son super admin ","timestamp":"2022-02-05T13:52:13.841Z"}
{"level":"info","message":" Manager: 61fe9e020f456d4b60de1205 a ete supprimer par son super admin ","timestamp":"2022-02-05T15:56:03.594Z"}
{"level":"info","message":" Manager: 61fe96d90f456d4b60de11ff a ete supprimer par son super admin ","timestamp":"2022-02-05T15:57:18.553Z"}
{"level":"info","message":"started on port ', 5000","timestamp":"2022-02-05T16:08:22.751Z"}
{"level":"info","message":"started on port ', 5000","timestamp":"2022-02-05T16:09:09.820Z"}
{"level":"info","message":"started on port ', 5000","timestamp":"2022-02-05T16:48:39.657Z"}
{"level":"info","message":" Manager: 61feaaf7d87e4a8217840256 a ete supprimer par son super admin ","timestamp":"2022-02-05T16:51:15.008Z"}
{"level":"info","message":" Manager: 61feab38d87e4a8217840260 a ete supprimer par son super admin ","timestamp":"2022-02-05T16:53:09.293Z"}
{"level":"info","message":"started on port ', 5000","timestamp":"2022-02-05T16:56:02.824Z"}
{"level":"info","message":" Manager: 61feab38d87e4a8217840260 a ete supprimer par son super admin ","timestamp":"2022-02-05T16:56:15.015Z"}
{"level":"info","message":"started on port ', 5000","timestamp":"2022-02-05T16:58:17.235Z"}
{"level":"info","message":"started on port ', 5000","timestamp":"2022-02-05T17:01:14.583Z"}
{"level":"info","message":" Responsable: 61fead63879b2e61fb839d31 a ete supprimer par son Manager ","timestamp":"2022-02-05T17:01:29.443Z"}
{"level":"info","message":" Responsable: 61feb062879b2e61fb839f45 a ete supprimer par son Manager ","timestamp":"2022-02-05T17:14:31.540Z"}
{"level":"info","message":"started on port ', 5000","timestamp":"2022-02-05T17:25:40.103Z"}
{"level":"info","message":"started on port ', 5000","timestamp":"2022-02-05T17:26:09.623Z"}
{"level":"info","message":"started on port ', 5000","timestamp":"2022-02-05T17:26:37.280Z"}
{"level":"info","message":" Vehicule numero : 61fbf3c1c75f8c203073f32a a ete supprimer ","timestamp":"2022-02-05T17:31:27.654Z"}
{"level":"info","message":" Chauffeur numero : 61fbf3c1c75f8c203073f32c a ete supprimer par son  responsable ","timestamp":"2022-02-05T17:31:27.762Z"}
{"level":"info","message":" Vehicule numero : 61feb49d8a2699346e6905df a ete supprimer ","timestamp":"2022-02-05T17:32:27.681Z"}
{"level":"info","message":" Chauffeur numero : 61feb49d8a2699346e6905e1 a ete supprimer par son  responsable ","timestamp":"2022-02-05T17:32:27.810Z"}
{"level":"info","message":" Vehicule numero : 61feb49d8a2699346e6905df a ete supprimer ","timestamp":"2022-02-05T17:33:07.747Z"}
{"level":"info","message":" Chauffeur numero : 61feb49d8a2699346e6905e1 a ete supprimer par son  responsable ","timestamp":"2022-02-05T17:33:07.877Z"}
{"level":"info","message":" Vehicule numero : 61feb49d8a2699346e6905df a ete supprimer ","timestamp":"2022-02-05T17:34:13.745Z"}
{"level":"info","message":" Chauffeur numero : 61feb49d8a2699346e6905e1 a ete supprimer par son  responsable ","timestamp":"2022-02-05T17:34:14.079Z"}
{"level":"info","message":" Vehicule numero : 61fbf3c1c75f8c203073f32a a ete supprimer ","timestamp":"2022-02-05T17:34:43.263Z"}
{"level":"info","message":" Chauffeur numero : 61fbf3c1c75f8c203073f32c a ete supprimer par son  responsable ","timestamp":"2022-02-05T17:34:43.377Z"}
{"level":"info","message":" Vehicule numero : 61feb49d8a2699346e6905df a ete supprimer ","timestamp":"2022-02-05T17:43:53.045Z"}
{"level":"info","message":" Chauffeur numero : 61feb49d8a2699346e6905e1 a ete supprimer par son  responsable ","timestamp":"2022-02-05T17:43:53.149Z"}
{"level":"info","message":" Vehicule numero : 61feb49d8a2699346e6905df a ete supprimer ","timestamp":"2022-02-05T17:46:52.917Z"}
{"level":"info","message":" Chauffeur numero : 61feb49d8a2699346e6905e1 a ete supprimer par son  responsable ","timestamp":"2022-02-05T17:46:53.044Z"}
{"level":"info","message":"started on port ', 5000","timestamp":"2022-02-05T17:48:37.649Z"}
{"level":"info","message":" Vehicule numero : 61feb49d8a2699346e6905df a ete supprimer ","timestamp":"2022-02-05T17:49:46.163Z"}
{"level":"info","message":" Vehicule numero : 61feb49d8a2699346e6905df a ete supprimer ","timestamp":"2022-02-05T17:50:46.776Z"}
{"level":"info","message":"started on port ', 5000","timestamp":"2022-02-05T17:57:33.111Z"}
{"level":"info","message":"started on port ', 5000","timestamp":"2022-02-05T17:58:36.594Z"}
{"level":"info","message":"started on port ', 5000","timestamp":"2022-02-05T17:59:09.162Z"}
{"level":"info","message":"started on port ', 5000","timestamp":"2022-02-05T18:00:37.000Z"}
{"level":"info","message":" Chauffeur numero : 61feb49d8a2699346e6905df a ete supprimer par son  responsable ","timestamp":"2022-02-05T18:04:27.394Z"}
{"level":"info","message":" Chauffeur numero : 61fbf3c1c75f8c203073f32a a ete supprimer par son  responsable ","timestamp":"2022-02-05T18:05:13.379Z"}
{"level":"info","message":"started on port ', 5000","timestamp":"2022-02-05T18:09:18.998Z"}
{"level":"info","message":"started on port ', 5000","timestamp":"2022-02-05T18:12:35.942Z"}
{"level":"info","message":"started on port ', 5000","timestamp":"2022-02-05T18:37:20.921Z"}
{"level":"info","message":"started on port ', 5000","timestamp":"2022-02-05T18:39:01.985Z"}
{"level":"info","message":"started on port ', 5000","timestamp":"2022-02-05T18:40:04.534Z"}
{"level":"info","message":"started on port ', 5000","timestamp":"2022-02-05T18:41:20.352Z"}
{"level":"info","message":"started on port ', 5000","timestamp":"2022-02-05T21:06:43.707Z"}
{"level":"info","message":" Manager: 61fefa3a06f769cacb9c1c6a a ete supprimer par son super admin ","timestamp":"2022-02-05T22:29:28.876Z"}
{"level":"info","message":" Responsable: 61fefaa406f769cacb9c1c75 a ete supprimer par son Manager ","timestamp":"2022-02-05T22:31:11.782Z"}
{"level":"info","message":" Chauffeur numero : 61fefadc06f769cacb9c1c80 a ete supprimer par son  responsable ","timestamp":"2022-02-05T22:32:09.445Z"}
{"level":"info","message":" Chauffeur numero : 61fefaf406f769cacb9c1c8a a ete supprimer par son  responsable ","timestamp":"2022-02-05T22:32:27.657Z"}
